<?xml version="1.0" encoding="UTF-8"?>
<testng-results skipped="0" failed="0" ignored="1" total="1" passed="0">
  <reporter-output>
  </reporter-output>
  <suite name="ApiSanityTest" duration-ms="3" started-at="2020-06-02T07:26:00 IST" finished-at="2020-06-02T07:26:00 IST">
    <groups>
    </groups>
    <test name="SanityTests" duration-ms="3" started-at="2020-06-02T07:26:00 IST" finished-at="2020-06-02T07:26:00 IST">
    </test> <!-- SanityTests -->
  </suite> <!-- ApiSanityTest -->
</testng-results>
